
	            G L O B A L   R E F E R E N C E S

	             Name               Value        Type
	==============================|=======|===============
	IO_READ                          FFFF         CONSTANT
	IO_WRITE                         FFFE         CONSTANT
	IO_STATUS                        FFFD         CONSTANT
	IO_CURSOR                        FFFC         CONSTANT
	INTERRUPTORES                    FFF9         CONSTANT
	LEDS                             FFF8         CONSTANT
	LCD                              FFF5         CONSTANT
	LCD_CONTROL                      FFF4         CONSTANT
	TimerControl                     FFF7         CONSTANT
	TimerValue                       FFF6         CONSTANT
	EnableTimer                      0001         CONSTANT
	INT_MASK                         FFFA         CONSTANT
	MASK                             83FF         CONSTANT
	Display1                         FFF0         CONSTANT
	Display2                         FFF1         CONSTANT
	Display3                         FFF2         CONSTANT
	Display4                         FFF3         CONSTANT
	SP_INICIAL                       FDFF         CONSTANT
	MUDAR_LINHA                      00C0         CONSTANT
	FIM_TEXTO                        0040         CONSTANT
	RAND_MASK                        8016         CONSTANT
	RAND_INIT                        CAFE         CONSTANT
	CICLOS_PASSAGEIROS               0032         CONSTANT
	TEST_TEMP                        7000         VARIABLE
	POS_COMBOIO                      7001            TABLE
	POS_FANTASMA                     7007            TABLE
	Estacao1                         700D         VARIABLE
	Estacao2                         700E         VARIABLE
	Estacao3                         700F         VARIABLE
	Estacao4                         7010         VARIABLE
	PassageirosEstacao1              7011         VARIABLE
	PassageirosEstacao2              7012         VARIABLE
	PassageirosEstacao3              7013         VARIABLE
	PassageirosEstacao4              7014         VARIABLE
	DIR_COMBOIO                      7015         VARIABLE
	DIR_FANTASMA                     7016         VARIABLE
	CAR_COMBOIO                      7017           STRING
	CAR_FANTASMA                     701D           STRING
	CAR_COMBOIO_INICIAL              7023           STRING
	CAR_FANTASMA_INICIAL             7029           STRING
	Ag0                              702F         VARIABLE
	Ag1                              7030         VARIABLE
	Ag2                              7031         VARIABLE
	Ag3                              7032         VARIABLE
	Ag4                              7033         VARIABLE
	Ag5                              7034         VARIABLE
	Ag6                              7035         VARIABLE
	Ag7                              7036         VARIABLE
	Ag8                              7037         VARIABLE
	Ag9                              7038         VARIABLE
	Ag0_INICIAL                      7039         VARIABLE
	Ag1_INICIAL                      703A         VARIABLE
	Ag2_INICIAL                      703B         VARIABLE
	Ag3_INICIAL                      703C         VARIABLE
	Ag4_INICIAL                      703D         VARIABLE
	Ag5_INICIAL                      703E         VARIABLE
	Ag6_INICIAL                      703F         VARIABLE
	Ag7_INICIAL                      7040         VARIABLE
	Ag8_INICIAL                      7041         VARIABLE
	Ag9_INICIAL                      7042         VARIABLE
	ChangedAg0                       7043         VARIABLE
	ChangedAg1                       7044         VARIABLE
	ChangedAg2                       7045         VARIABLE
	ChangedAg3                       7046         VARIABLE
	ChangedAg4                       7047         VARIABLE
	ChangedAg5                       7048         VARIABLE
	ChangedAg6                       7049         VARIABLE
	ChangedAg7                       704A         VARIABLE
	ChangedAg8                       704B         VARIABLE
	ChangedAg9                       704C         VARIABLE
	Contador1                        704D         VARIABLE
	Contador2                        704E         VARIABLE
	Contador3                        704F         VARIABLE
	Contador4                        7050         VARIABLE
	Colisao                          7051         VARIABLE
	FimJogo                          7052         VARIABLE
	PontuacaoMaxima                  7053         VARIABLE
	TimeLong                         7054         VARIABLE
	RandNum                          7055         VARIABLE
	CiclosPassageiros                7056         VARIABLE
	TipoDescFant                     7057         VARIABLE
	CEN0                             8000           STRING
	ERR0                             8040            TABLE
	CEN1                             8100           STRING
	ERR1                             8140            TABLE
	CEN2                             8200           STRING
	ERR2                             8240            TABLE
	CEN3                             8300           STRING
	ERR3                             8340            TABLE
	CEN4                             8400           STRING
	ERR4                             8440            TABLE
	CEN5                             8500           STRING
	ERR5                             8540            TABLE
	CEN6                             8600           STRING
	ERR6                             8640            TABLE
	CEN7                             8700           STRING
	ERR7                             8740            TABLE
	CEN8                             8800           STRING
	ERR8                             8840            TABLE
	CEN9                             8900           STRING
	ERR9                             8940            TABLE
	CEN10                            8A00           STRING
	ERR10                            8A40            TABLE
	CEN11                            8B00           STRING
	ERR11                            8B40            TABLE
	CEN12                            8C00           STRING
	ERR12                            8C40            TABLE
	CEN13                            8D00           STRING
	ERR13                            8D40            TABLE
	CEN14                            8E00           STRING
	ERR14                            8E40            TABLE
	CEN15                            8F00           STRING
	ERR15                            8F40            TABLE
	CEN16                            9000           STRING
	ERR16                            9040            TABLE
	CEN17                            9100           STRING
	ERR17                            9140            TABLE
	CEN18                            9200           STRING
	ERR18                            9240            TABLE
	CEN19                            9300           STRING
	ERR19                            9340            TABLE
	CEN20                            9400           STRING
	ERR20                            9440            TABLE
	CEN21                            9500           STRING
	ERR21                            9540            TABLE
	CEN22                            9600           STRING
	ERR22                            9640            TABLE
	CEN23                            9700           STRING
	ERR23                            9740            TABLE
	NOVOJOGOCEN1                     9800           STRING
	NOVOJOGOCEN2                     980C           STRING
	NOVOJOGOCEN3                     9818           STRING
	INT0                             FE00         VARIABLE
	INT1                             FE01         VARIABLE
	INT2                             FE02         VARIABLE
	INT3                             FE03         VARIABLE
	INT4                             FE04         VARIABLE
	INT5                             FE05         VARIABLE
	INT6                             FE06         VARIABLE
	INT7                             FE07         VARIABLE
	INT8                             FE08         VARIABLE
	INT9                             FE09         VARIABLE
	INT15                            FE0F         VARIABLE
	Timer                            2000            LABEL
	Agulha0                          200D            LABEL
	Agulha1                          2010            LABEL
	Agulha2                          2013            LABEL
	Agulha3                          2016            LABEL
	Agulha4                          2019            LABEL
	Agulha5                          201C            LABEL
	Agulha6                          201F            LABEL
	Agulha7                          2022            LABEL
	Agulha8                          2025            LABEL
	Agulha9                          2028            LABEL
	RandGen                          0002            LABEL
	RandGenElse                      000D            LABEL
	Esc_Cenario                      0014            LABEL
	Esc_Cenario_1                    001C            LABEL
	fim_Esc_Cenario                  0025            LABEL
	Inicializa_Comboio               0029            LABEL
	Inicializa_Automotora            006E            LABEL
	Inicializa_Pontuacao             00B3            LABEL
	Set_Timer                        00BC            LABEL
	MoveComboio                      00C7            LABEL
	ApagarUltimaCarruagem            00D8            LABEL
	ComutarComboioCar                00EE            LABEL
	ComutarComboioCarCiclo           00F3            LABEL
	EscreveLocomotiva                0101            LABEL
	VerificaDescarrilamento          0127            LABEL
	Verifica1                        0134            LABEL
	Verifica2                        0137            LABEL
	DescarrilaFant                   0143            LABEL
	VerificaDescarrilamentoFim       0145            LABEL
	ActualizaPosicoes                0148            LABEL
	ActualizaPosicoesCiclo           014D            LABEL
	VerificaCarril                   0161            LABEL
	MudaDir1                         0173            LABEL
	MudaDir1ESQ                      0185            LABEL
	MudaDir1SOBE                     018C            LABEL
	MudaDir1BAIXO                    0193            LABEL
	MudaDir1DIR                      0199            LABEL
	MudaDir2                         019F            LABEL
	fim_verCarril                    01B1            LABEL
	VerificaPassageiros              01B6            LABEL
	VerificaPassageirosFim           01C6            LABEL
	MoveComboioFant                  01C9            LABEL
	MoveComboioFant1                 01D7            LABEL
	MoveComboioFant3                 01DE            LABEL
	MoveComboioFant2                 01E7            LABEL
	MoveComboioFantfim               01EB            LABEL
	AgulhaOuNao                      01EC            LABEL
	AgulhaOuNao1                     01F4            LABEL
	Descarrila                       01FB            LABEL
	DescarrilaAgulha                 0200            LABEL
	AgulhaOuNaofim                   0205            LABEL
	DescAgulha                       0208            LABEL
	DescAgulha1                      020E            LABEL
	ViraEsq                          0224            LABEL
	ViraDir                          0242            LABEL
	ViraCima                         0260            LABEL
	ViraBaixo                        027E            LABEL
	dirValida                        029C            LABEL
	DescTroco                        02A1            LABEL
	InverteESQ                       02B1            LABEL
	InverteDIR                       02B6            LABEL
	InverteBAI                       02BB            LABEL
	DescTrocofim                     02C0            LABEL
	InverteCarFant                   02C2            LABEL
	InverteCarFant1                  02CB            LABEL
	InverteCarFantfim                02D4            LABEL
	InvertePosFant                   02D9            LABEL
	InvertePosFant1                  02E2            LABEL
	InvertePosFantfim                02EB            LABEL
	ApagarUltimaCarruagemFant        02F0            LABEL
	ApagarUltimaCarruagemFantfim     031F            LABEL
	ComutarFantasmaCar               0324            LABEL
	ComutarFantasmaCarCiclo          0329            LABEL
	EscreveFantasma                  0337            LABEL
	VerificaDescarrilamentoFant      0354            LABEL
	VerificaFant1                    0363            LABEL
	VerificaFant2                    0366            LABEL
	MudaDirFant                      037C            LABEL
	VerificaDescarrilamentoFantFim   037E            LABEL
	ActualizaPosicoesFant            0383            LABEL
	ActualizaPosicoesFant1           0388            LABEL
	VerificaCarrilFant               039C            LABEL
	MudaDir1Fant                     03AE            LABEL
	MudaDir1ESQFant                  03C0            LABEL
	MudaDir1SOBEFant                 03C7            LABEL
	MudaDir1BAIXOFant                03CE            LABEL
	MudaDir1DIRFant                  03D4            LABEL
	MudaDir2Fant                     03DA            LABEL
	fim_verCarrilFant                03EC            LABEL
	ActualizaPontuacao               03F1            LABEL
	Maior9                           03F7            LABEL
	fimDisplay                       0414            LABEL
	Display                          0418            LABEL
	ActualizaVelocidade              042B            LABEL
	ActualizaVelocidade1             0437            LABEL
	ActualizaLeds                    0439            LABEL
	ActualizaLeds1                   043E            LABEL
	ActualizaLeds2                   0440            LABEL
	ActualizaLedsFim                 0444            LABEL
	EscreveDisplayPontuacao          0449            LABEL
	InserePassageiro                 0473            LABEL
	InserePassageiro4                0489            LABEL
	InserePassageiroComboio4         04A4            LABEL
	InserePassageiroContinua4        04A9            LABEL
	InserePassageiro1                04B3            LABEL
	InserePassageiroComboio1         04CE            LABEL
	InserePassageiroContinua1        04D3            LABEL
	InserePassageiro2                04DD            LABEL
	InserePassageiroComboio2         04F8            LABEL
	InserePassageiroContinua2        04FD            LABEL
	InserePassageiro3                0507            LABEL
	InserePassageiroComboio3         0522            LABEL
	InserePassageiroContinua3        0527            LABEL
	InserePassageiroIncrementa       0531            LABEL
	InserePassageirofim              0533            LABEL
	LimpaEstacoes                    053C            LABEL
	LimpaEstacoes1                   0549            LABEL
	LimpaEstacoesUltima              0556            LABEL
	LimpaEstacoes2                   0559            LABEL
	AnalisaAgulhas                   0564            LABEL
	AnalisaAgulhas1                  0570            LABEL
	AnalisaAgulhas2                  057C            LABEL
	AnalisaAgulhas3                  0588            LABEL
	AnalisaAgulhas4                  0594            LABEL
	AnalisaAgulhas5                  05A0            LABEL
	AnalisaAgulhas6                  05AC            LABEL
	AnalisaAgulhas7                  05B8            LABEL
	AnalisaAgulhas8                  05C3            LABEL
	AnalisaAgulhas9                  05CE            LABEL
	fim_AnalisaAgulhas               05D8            LABEL
	MudaAgulha                       05DB            LABEL
	MudaCaso01                       05F2            LABEL
	MudaCaso02                       05F7            LABEL
	MudaCaso03                       05FC            LABEL
	MudaCaso04                       0601            LABEL
	fim_MudaAgulha                   0606            LABEL
	ActualizaAgulhas                 060B            LABEL
	ActAg1                           0620            LABEL
	ActAg2                           0633            LABEL
	ActAg3                           0645            LABEL
	ActAg4                           0658            LABEL
	ActAg5                           066B            LABEL
	ActAg6                           067E            LABEL
	ActAg7                           0691            LABEL
	ActAg8                           06A4            LABEL
	ActAg9                           06B7            LABEL
	fimActAg                         06C8            LABEL
	VerificaFimJogo                  06CB            LABEL
	FimJogoEt                        06D0            LABEL
	VerificaFimJogo1                 06D2            LABEL
	EscrevePontuacaoMaxima           06D4            LABEL
	EscrevePontuacaoMaxima1          06EB            LABEL
	LimpaContadores                  06F0            LABEL
	EscreveMensagem                  06F9            LABEL
	EscreveMensagem2                 0706            LABEL
	EscreveMensagem1                 0711            LABEL
	EscreveMensagem3                 071B            LABEL
	EscreveMensagem4                 0726            LABEL
	EscreveMensagem5                 0730            LABEL
	EscreveMensagemFim               073B            LABEL
	ApagarComboio                    073F            LABEL
	ApagarComboio1                   0745            LABEL
	ApagarFantasma                   0750            LABEL
	ApagarFantasma1                  0756            LABEL
	Reinicia_Agulhas                 0761            LABEL
	Reinicia_Agulhas1                0769            LABEL
	Escreve_Agulhas                  0778            LABEL
	Escreve_Agulhas1                 077D            LABEL
	Reinicia_CAR_COMBOIO             078D            LABEL
	Reinicia_CAR_COMBOIO1            0793            LABEL
	Reinicia_CAR_FANTASMA            079B            LABEL
	Reinicia_CAR_FANTASMA1           07A1            LABEL
	Apaga_Mensagem                   07A9            LABEL
	Apaga_Mensagem2                  07B3            LABEL
	Apaga_Mensagem1                  07C0            LABEL
	Apaga_Mensagem3                  07CA            LABEL
	Apaga_Mensagem4                  07D7            LABEL
	Apaga_Mensagem5                  07E1            LABEL
	Apaga_MensagemFim                07EE            LABEL
	inicio                           07EF            LABEL
	inicializacoes                   07FB            LABEL
	ciclo                            0807            LABEL
	IgnoraFant                       0817            LABEL
	NaoInserePassageiro              0824            LABEL
	NovoJogo                         0827            LABEL
	NovoJogo1                        082B            LABEL
