
	            G L O B A L   R E F E R E N C E S

	             Name               Value        Type
	==============================|=======|===============
	IO_TEXT_READ                     FFFF         CONSTANT
	IO_TEXT_WRITE                    FFFE         CONSTANT
	IO_TEXT_STATUS                   FFFD         CONSTANT
	IO_TEXT_CTRL                     FFFC         CONSTANT
	TEXT_ACTIVATE                    FFFF         CONSTANT
	NEXT_LINE                        0100         CONSTANT
	IO_SWITCHES                      FFF9         CONSTANT
	IO_LEDS                          FFF8         CONSTANT
	IO_DISP_SEG1                     FFF0         CONSTANT
	IO_DISP_SEG2                     FFF1         CONSTANT
	IO_DISP_SEG3                     FFF2         CONSTANT
	IO_DISP_SEG4                     FFF3         CONSTANT
	IO_LCD_WRITE                     FFF5         CONSTANT
	IO_LCD_CTRL                      FFF4         CONSTANT
	IO_INT_MASK                      FFFA         CONSTANT
	IO_TIMER_CTRL                    FFF7         CONSTANT
	IO_TIMER_VALUE                   FFF6         CONSTANT
	TIMER_BASE_TIME                  0003         CONSTANT
	TIMER_ENABLE                     0001         CONSTANT
	USR_TRAIN_CAR                    0023         CONSTANT
	USR_TRAIN_LOC                    004F         CONSTANT
	USR_TRAIN_LENG                   0006         CONSTANT
	USR_TRAIN_IDIR                   0100         CONSTANT
	POS_USR_LOC                      1402         CONSTANT
	POS_USR_DIFF                     FF00         CONSTANT
	AI_TRAIN_CAR                     006F         CONSTANT
	AI_TRAIN_LOC                     004F         CONSTANT
	AI_TRAIN_LENG                    0006         CONSTANT
	AI_TRAIN_IDIR                    FFFF         CONSTANT
	POS_AI_LOC                       062F         CONSTANT
	POS_AI_DIFF                      0001         CONSTANT
	AI_NUM_LOC                       0002         CONSTANT
	STATION_CAR                      003D         CONSTANT
	STATION_PASSENG                  0026         CONSTANT
	NUM_STATIONS                     0004         CONSTANT
	PASSENGER_FREQ                   0032         CONSTANT
	POS_STATION1                     030E         CONSTANT
	POS_STATION2                     0A0E         CONSTANT
	POS_STATION3                     120C         CONSTANT
	POS_STATION4                     1723         CONSTANT
	STATION_SIZE1                    0008         CONSTANT
	STATION_SIZE2                    0008         CONSTANT
	STATION_SIZE3                    0008         CONSTANT
	STATION_SIZE4                    000A         CONSTANT
	NEEDLE_CAR_L                     005C         CONSTANT
	NEEDLE_CAR_R                     002F         CONSTANT
	NEEDLE_CAR_V                     007C         CONSTANT
	NEEDLE_CAR_H                     002D         CONSTANT
	NUM_NEEDLES                      000A         CONSTANT
	NEEDLE_STATES                    0004         CONSTANT
	NUM_LINES                        0018         CONSTANT
	NUM_COLS                         0040         CONSTANT
	POS_NEEDLE0                      0321         CONSTANT
	POS_NEEDLE1                      0629         CONSTANT
	POS_NEEDLE2                      063E         CONSTANT
	POS_NEEDLE3                      0C3E         CONSTANT
	POS_NEEDLE4                      1734         CONSTANT
	POS_NEEDLE5                      171D         CONSTANT
	POS_NEEDLE6                      121D         CONSTANT
	POS_NEEDLE7                      0D05         CONSTANT
	POS_NEEDLE8                      0A19         CONSTANT
	POS_NEEDLE9                      0619         CONSTANT
	STACK_TOP                        FDFF         CONSTANT
	INT_MASK                         83FF         CONSTANT
	RAND_MASK                        8016         CONSTANT
	RAND_INIT                        CAFE         CONSTANT
	DIGIT_OVERFLOW                   000A         CONSTANT
	END_STRING                       0040         CONSTANT
	NEW_GAME_KEY                     006E         CONSTANT
	END_GAME_POS                     0041         CONSTANT
	TRUE                             0001         CONSTANT
	FALSE                            0000         CONSTANT
	Test_Temp                        8000         VARIABLE
	Pos_Comboio                      8001            TABLE
	Pos_Fantasma                     8007            TABLE
	Dir_Comboio                      800D         VARIABLE
	Dir_Fantasma                     800E         VARIABLE
	Station_Pos                      800F           STRING
	Station_Size                     8013           STRING
	PassengerCheck                   8017         VARIABLE
	Pos_Needle0                      8018         VARIABLE
	Pos_Needle1                      8019         VARIABLE
	Pos_Needle2                      801A         VARIABLE
	Pos_Needle3                      801B         VARIABLE
	Pos_Needle4                      801C         VARIABLE
	Pos_Needle5                      801D         VARIABLE
	Pos_Needle6                      801E         VARIABLE
	Pos_Needle7                      801F         VARIABLE
	Pos_Needle8                      8020         VARIABLE
	Pos_Needle9                      8021         VARIABLE
	NeedleChanged0                   8022         VARIABLE
	NeedleChanged1                   8023         VARIABLE
	NeedleChanged2                   8024         VARIABLE
	NeedleChanged3                   8025         VARIABLE
	NeedleChanged4                   8026         VARIABLE
	NeedleChanged5                   8027         VARIABLE
	NeedleChanged6                   8028         VARIABLE
	NeedleChanged7                   8029         VARIABLE
	NeedleChanged8                   802A         VARIABLE
	NeedleChanged9                   802B         VARIABLE
	ScoreCounter1                    802C         VARIABLE
	ScoreCounter2                    802D         VARIABLE
	ScoreCounter3                    802E         VARIABLE
	ScoreCounter4                    802F         VARIABLE
	RecordScore                      8030         VARIABLE
	RandNum                          8031         VARIABLE
	GameOver                         8032         VARIABLE
	Str_GameArea_01                  8033           STRING
	Str_GameArea_02                  8073           STRING
	Str_GameArea_03                  80B3           STRING
	Str_GameArea_04                  80F3           STRING
	Str_GameArea_05                  8133           STRING
	Str_GameArea_06                  8173           STRING
	Str_GameArea_07                  81B3           STRING
	Str_GameArea_08                  81F3           STRING
	Str_GameArea_09                  8233           STRING
	Str_GameArea_10                  8273           STRING
	Str_GameArea_11                  82B3           STRING
	Str_GameArea_12                  82F3           STRING
	Str_GameArea_13                  8333           STRING
	Str_GameArea_14                  8373           STRING
	Str_GameArea_15                  83B3           STRING
	Str_GameArea_16                  83F3           STRING
	Str_GameArea_17                  8433           STRING
	Str_GameArea_18                  8473           STRING
	Str_GameArea_19                  84B3           STRING
	Str_GameArea_20                  84F3           STRING
	Str_GameArea_21                  8533           STRING
	Str_GameArea_22                  8573           STRING
	Str_GameArea_23                  85B3           STRING
	Str_GameArea_24                  85F3           STRING
	Str_NewGame_1                    8633           STRING
	Str_NewGame_2                    863F           STRING
	Str_NewGame_3                    864A           STRING
	Int0                             FE00         VARIABLE
	Int1                             FE01         VARIABLE
	Int2                             FE02         VARIABLE
	Int3                             FE03         VARIABLE
	Int4                             FE04         VARIABLE
	Int5                             FE05         VARIABLE
	Int6                             FE06         VARIABLE
	Int7                             FE07         VARIABLE
	Int8                             FE08         VARIABLE
	Int9                             FE09         VARIABLE
	IntA                             FE0A            TABLE
	IntB                             FE0B            TABLE
	IntC                             FE0C            TABLE
	IntD                             FE0D            TABLE
	IntE                             FE0E            TABLE
	IntF                             FE0F         VARIABLE
	Main                             0000            LABEL
	MainLoop                         0009            LABEL
	Int_Needle0                      0014            LABEL
	Int_Needle1                      0017            LABEL
	Int_Needle2                      001A            LABEL
	Int_Needle3                      001D            LABEL
	Int_Needle4                      0020            LABEL
	Int_Needle5                      0023            LABEL
	Int_Needle6                      0026            LABEL
	Int_Needle7                      0029            LABEL
	Int_Needle8                      002C            LABEL
	Int_Needle9                      002F            LABEL
	Int_Timer                        0032            LABEL
	RandGen                          0041            LABEL
	RandGenElse                      004C            LABEL
	StartTimer                       0053            LABEL
	Initialize                       0060            LABEL
	InitTextWindow                   0067            LABEL
	WriteScenario                    006E            LABEL
	WriteScenarioL                   0076            LABEL
	ResetRecord                      0081            LABEL
	ResetScore                       0086            LABEL
	WriteNewRecord                   0091            LABEL
	WriteScore                       00BB            LABEL
	NewGame                          00CE            LABEL
	ResetUsrTrain                    00D7            LABEL
	ResetUsrTrain2                   00E5            LABEL
	EraseUsrTrain                    00F5            LABEL
	EraseUsrTrain1                   00FB            LABEL
	WriteUsrTrain                    0104            LABEL
	WriteUsrTrain1                   011C            LABEL
	ResetAITrain                     012A            LABEL
	ResetAITrainL                    013D            LABEL
	ResetAITrainL1                   0149            LABEL
	ResetAITrainR                    0157            LABEL
	ResetAITrainR1                   0165            LABEL
	EraseAITrain                     0174            LABEL
	EraseAITrain1                    017A            LABEL
	WriteAITrain                     0183            LABEL
	WriteAITrain1                    019C            LABEL
	RestorePos                       01AD            LABEL
	ReadPos                          01C0            LABEL
	IsTrainPos                       01CD            LABEL
	IsTrainPosEnd                    01DC            LABEL
	ConvertPos                       01E1            LABEL
	IsTrainPosUsr                    01F6            LABEL
	IsTrainPosUsr1                   01FD            LABEL
	IsTrainPosUsrT                   0205            LABEL
	IsTrainPosUsrF                   0208            LABEL
	IsTrainPosUsrE                   020A            LABEL
	IsTrainPosAI                     0210            LABEL
	IsTrainPosAI1                    0217            LABEL
	IsTrainPosAIT                    021F            LABEL
	IsTrainPosAIF                    0222            LABEL
	IsTrainPosAIE                    0224            LABEL
	IsNeedlePos                      022A            LABEL
	IsNeedlePos1                     0231            LABEL
	IsNeedlePosT                     0239            LABEL
	IsNeedlePosF                     023C            LABEL
	IsNeedlePosEnd                   023E            LABEL
	MidGame                          0244            LABEL
	NextNeedleCar                    025D            LABEL
	NextNeedleCar1                   0260            LABEL
	NextNeedleCar2                   0266            LABEL
	NextNeedleCar3                   026C            LABEL
	NextNeedleCar4                   0272            LABEL
	NextNeedleCarF                   0274            LABEL
	SwitchNeedle                     0278            LABEL
	SwitchNeedleE                    0292            LABEL
	RefreshNeedle                    0296            LABEL
	RefreshNeedle1                   02A2            LABEL
	RefreshNeedle2                   02A4            LABEL
	RefreshNeedle3                   02A8            LABEL
	RefreshNeedleN                   02AD            LABEL
	MoveUsrTrain                     02B6            LABEL
	CheckUsrCross                    02C5            LABEL
	CheckUsrCrossV                   02D0            LABEL
	CheckUsrCrossH                   02D8            LABEL
	CheckUsrCrossE                   02E0            LABEL
	CheckUsrOut                      02E4            LABEL
	CheckUsrOutEnd                   02F2            LABEL
	CheckCollision                   02F4            LABEL
	CheckCollisioT                   0307            LABEL
	CheckCollisEnd                   0309            LABEL
	EraseUsrLast                     030B            LABEL
	RefreshUsrPos                    0316            LABEL
	RefreshUsrPos1                   0320            LABEL
	WriteUsrFirst                    0330            LABEL
	NeedleCurveL                     0348            LABEL
	NeedleCurveLP                    0352            LABEL
	NeedleCurveLF                    0353            LABEL
	NeedleCurveR                     0357            LABEL
	NeedleCurveR1                    0360            LABEL
	NeedleCurveRF                    0362            LABEL
	CheckUsrLine                     0366            LABEL
	MoveAITrain                      037A            LABEL
	CheckAINextP                     0385            LABEL
	CheckAINextEnd                   039F            LABEL
	InvertAIDir                      03A1            LABEL
	ValidLine                        03D1            LABEL
	ValidLine1                       03D7            LABEL
	ValidLine2                       03DE            LABEL
	ValidLine3                       03E4            LABEL
	ValidLine4                       03EA            LABEL
	ValidLineS                       03F0            LABEL
	ValidLineP                       03F6            LABEL
	ValidLineFalse                   03FC            LABEL
	ValidLineEnd                     03FE            LABEL
	EraseAILast                      0401            LABEL
	RefreshAIPos                     0416            LABEL
	RefreshAIPos1                    0420            LABEL
	WriteAIFirst                     0430            LABEL
	CheckAILine                      0448            LABEL
	CheckAILineL                     044E            LABEL
	CheckAILineR                     0459            LABEL
	CheckAILineEnd                   0464            LABEL
	CheckAICurve                     0466            LABEL
	CheckAICurveOK                   047C            LABEL
	RandomCurve                      047E            LABEL
	RandomCurveL                     048C            LABEL
	RandomCurveR                     0492            LABEL
	RandomCurveEnd                   0494            LABEL
	RefreshScore                     0499            LABEL
	RefreshScore1                    049E            LABEL
	RefreshScore2                    04A5            LABEL
	RefreshScore3                    04AC            LABEL
	RefreshScore4                    04B3            LABEL
	RefreshScoreE                    04C0            LABEL
	RefreshLeds                      04C4            LABEL
	RefreshLeds1                     04C9            LABEL
	RefreshLedsEnd                   04CF            LABEL
	GenPassenger                     04D4            LABEL
	GenPassenger1                    04EB            LABEL
	GenPassengerOK                   04F6            LABEL
	GenPassengerF                    04F9            LABEL
	InsPassenger                     04FE            LABEL
	InsPassengerUs                   0505            LABEL
	InsPassengerAI                   050E            LABEL
	InsPassengerOK                   0514            LABEL
	InsPassengerF                    051E            LABEL
	CheckPassUsr                     0524            LABEL
	CheckPassUsrE                    0538            LABEL
	CheckPassAI                      053B            LABEL
	CheckPassAIE                     054D            LABEL
	ResetStations                    0550            LABEL
	ResetStations1                   0558            LABEL
	ResetStations2                   0560            LABEL
	EndGame                          0577            LABEL
	EndGameWait                      057F            LABEL
	CheckNewRecord                   058A            LABEL
	CheckNewRecEnd                   05A1            LABEL
	WriteEndMsg                      05A3            LABEL
	DeleteEndMsg                     05C0            LABEL
	WriteStr                         05DD            LABEL
	WriteStrLoop                     05E7            LABEL
	WriteStrEnd                      05F1            LABEL
	EraseStr                         05F6            LABEL
	EraseStrLoop                     0603            LABEL
	EraseStrEnd                      060D            LABEL
