
	            G L O B A L   R E F E R E N C E S

	             Name               Value        Type
	==============================|=======|===============
	IO_READ                          FFFF         CONSTANT
	IO_WRITE                         FFFE         CONSTANT
	IO_STATUS                        FFFD         CONSTANT
	IO_CURSOR                        FFFC         CONSTANT
	INTERRUPTORES                    FFF9         CONSTANT
	LEDS                             FFF8         CONSTANT
	LCD                              FFF5         CONSTANT
	LCD_CONTROL                      FFF4         CONSTANT
	TimerValue                       FFF6         CONSTANT
	TimerControl                     FFF7         CONSTANT
	EnableTimer                      0001         CONSTANT
	SP_INICIAL                       FDFF         CONSTANT
	MUDAR_LINHA                      00C0         CONSTANT
	FIM_TEXTO                        0040         CONSTANT
	INT_MASK                         FFFA         CONSTANT
	MASK                             83FF         CONSTANT
	Display1                         FFF0         CONSTANT
	Display2                         FFF1         CONSTANT
	Display3                         FFF2         CONSTANT
	Display4                         FFF3         CONSTANT
	TEST_TEMP                        7000         VARIABLE
	POS_CURSOR                       7001         VARIABLE
	POS_COMBOIO                      7002            TABLE
	POS_FANTASMA                     7008            TABLE
	DIR_COMBOIO                      700E         VARIABLE
	DIR_FANTASMA                     700F         VARIABLE
	CAR_COMBOIO                      7010           STRING
	CAR_FANTASMA                     7016           STRING
	Ag0                              701C         VARIABLE
	Ag1                              701D         VARIABLE
	Ag2                              701E         VARIABLE
	Ag3                              701F         VARIABLE
	Ag4                              7020         VARIABLE
	Ag5                              7021         VARIABLE
	Ag6                              7022         VARIABLE
	Ag7                              7023         VARIABLE
	Ag8                              7024         VARIABLE
	Ag9                              7025         VARIABLE
	ChangedAg0                       7026         VARIABLE
	ChangedAg1                       7027         VARIABLE
	ChangedAg2                       7028         VARIABLE
	ChangedAg3                       7029         VARIABLE
	ChangedAg4                       702A         VARIABLE
	ChangedAg5                       702B         VARIABLE
	ChangedAg6                       702C         VARIABLE
	ChangedAg7                       702D         VARIABLE
	ChangedAg8                       702E         VARIABLE
	ChangedAg9                       702F         VARIABLE
	Contador1                        7030         VARIABLE
	Contador2                        7031         VARIABLE
	Contador3                        7032         VARIABLE
	Contador4                        7033         VARIABLE
	Colisao                          7034         VARIABLE
	TimeLong                         7035         VARIABLE
	FimJogo                          7036         VARIABLE
	PontuacaoMaxima                  7037         VARIABLE
	CEN0                             8000           STRING
	ERR0                             8040            TABLE
	CEN1                             8100           STRING
	ERR1                             8140            TABLE
	CEN2                             8200           STRING
	ERR2                             8240            TABLE
	CEN3                             8300           STRING
	ERR3                             8340            TABLE
	CEN4                             8400           STRING
	ERR4                             8440            TABLE
	CEN5                             8500           STRING
	ERR5                             8540            TABLE
	CEN6                             8600           STRING
	ERR6                             8640            TABLE
	CEN7                             8700           STRING
	ERR7                             8740            TABLE
	CEN8                             8800           STRING
	ERR8                             8840            TABLE
	CEN9                             8900           STRING
	ERR9                             8940            TABLE
	CEN10                            8A00           STRING
	ERR10                            8A40            TABLE
	CEN11                            8B00           STRING
	ERR11                            8B40            TABLE
	CEN12                            8C00           STRING
	ERR12                            8C40            TABLE
	CEN13                            8D00           STRING
	ERR13                            8D40            TABLE
	CEN14                            8E00           STRING
	ERR14                            8E40            TABLE
	CEN15                            8F00           STRING
	ERR15                            8F40            TABLE
	CEN16                            9000           STRING
	ERR16                            9040            TABLE
	CEN17                            9100           STRING
	ERR17                            9140            TABLE
	CEN18                            9200           STRING
	ERR18                            9240            TABLE
	CEN19                            9300           STRING
	ERR19                            9340            TABLE
	CEN20                            9400           STRING
	ERR20                            9440            TABLE
	CEN21                            9500           STRING
	ERR21                            9540            TABLE
	CEN22                            9600           STRING
	ERR22                            9640            TABLE
	CEN23                            9700           STRING
	ERR23                            9740            TABLE
	NOVOJOGOCEN1                     9800           STRING
	NOVOJOGOCEN2                     980C           STRING
	NOVOJOGOCEN3                     9818           STRING
	INT0                             FE00         VARIABLE
	INT1                             FE01         VARIABLE
	INT2                             FE02         VARIABLE
	INT3                             FE03         VARIABLE
	INT4                             FE04         VARIABLE
	INT5                             FE05         VARIABLE
	INT6                             FE06         VARIABLE
	INT7                             FE07         VARIABLE
	INT8                             FE08         VARIABLE
	INT9                             FE09         VARIABLE
	INT15                            FE0F         VARIABLE
	Timer                            FE10            LABEL
	Agulha0                          FE1D            LABEL
	Agulha1                          FE20            LABEL
	Agulha2                          FE23            LABEL
	Agulha3                          FE26            LABEL
	Agulha4                          FE29            LABEL
	Agulha5                          FE2C            LABEL
	Agulha6                          FE2F            LABEL
	Agulha7                          FE32            LABEL
	Agulha8                          FE35            LABEL
	Agulha9                          FE38            LABEL
	Esc_Cenario                      0002            LABEL
	Esc_Cenario_1                    0007            LABEL
	fim_Esc_Cenario                  0010            LABEL
	Inicializa_Comboio               0011            LABEL
	Inicializa_Locomotiva            0030            LABEL
	Inicializa_Pontuacao             004F            LABEL
	MoveComboio                      0058            LABEL
	VerificaPassageiros              0067            LABEL
	VerificaPassageirosFim           0076            LABEL
	ApagarUltimaCarruagem            0078            LABEL
	ComutarComboioCar                0085            LABEL
	ComutarComboioCarCiclo           0088            LABEL
	VerificaCarril                   0094            LABEL
	MudaDir1                         00A3            LABEL
	MudaDir1ESQ                      00B5            LABEL
	MudaDir1SOBE                     00BC            LABEL
	MudaDir1BAIXO                    00C3            LABEL
	MudaDir1DIR                      00C9            LABEL
	MudaDir2                         00CF            LABEL
	fim_verCarril                    00E1            LABEL
	EscreveLocomotiva                00E3            LABEL
	VerificaDescarrilamento          0101            LABEL
	Verifica1                        010D            LABEL
	Verifica2                        0110            LABEL
	Descarrila                       011C            LABEL
	VerificaDescarrilamentoFim       011E            LABEL
	ActualizaPosicoes                0120            LABEL
	ActualizaPosicoesCiclo           0123            LABEL
	MoveComboioFant                  0135            LABEL
	ApagarUltimaCarruagemFant        0140            LABEL
	ComutarFantasmaCar               0157            LABEL
	ComutarFantasmaCarCiclo          015A            LABEL
	VerificaCarrilFant               0166            LABEL
	MudaDir1Fant                     0175            LABEL
	MudaDir1ESQFant                  0187            LABEL
	MudaDir1SOBEFant                 018E            LABEL
	MudaDir1BAIXOFant                0195            LABEL
	MudaDir1DIRFant                  019B            LABEL
	MudaDir2Fant                     01A1            LABEL
	fim_verCarrilFant                01B3            LABEL
	EscreveFantasma                  01B5            LABEL
	VerificaDescarrilamentoFant      01D3            LABEL
	VerificaFant1                    01DF            LABEL
	VerificaFant2                    01E2            LABEL
	MudaDirFant                      01F8            LABEL
	VerificaDescarrilamentoFantFim   01FA            LABEL
	ActualizaPosicoesFant            01FC            LABEL
	ActualizaPosicoesFant1           01FF            LABEL
	ActualizaPontuacao               0211            LABEL
	Maior9                           0217            LABEL
	fimDisplay                       0234            LABEL
	Display                          0238            LABEL
	AnalisaAgulhas                   024B            LABEL
	AnalisaAgulhas1                  0256            LABEL
	AnalisaAgulhas2                  0262            LABEL
	AnalisaAgulhas3                  026E            LABEL
	AnalisaAgulhas4                  027A            LABEL
	AnalisaAgulhas5                  0286            LABEL
	AnalisaAgulhas6                  0292            LABEL
	AnalisaAgulhas7                  029E            LABEL
	AnalisaAgulhas8                  02A9            LABEL
	AnalisaAgulhas9                  02B4            LABEL
	fim_AnalisaAgulhas               02BE            LABEL
	MudaAgulha                       02C0            LABEL
	MudaCaso01                       02D4            LABEL
	MudaCaso02                       02D9            LABEL
	MudaCaso03                       02DE            LABEL
	MudaCaso04                       02E3            LABEL
	fim_MudaAgulha                   02E8            LABEL
	ActualizaAgulhas                 02EA            LABEL
	ActAg1                           02FE            LABEL
	ActAg2                           0311            LABEL
	ActAg3                           0323            LABEL
	ActAg4                           0336            LABEL
	ActAg5                           0349            LABEL
	ActAg6                           035C            LABEL
	ActAg7                           036F            LABEL
	ActAg8                           0382            LABEL
	ActAg9                           0395            LABEL
	fimActAg                         03A6            LABEL
	VerificaFimJogo                  03A8            LABEL
	FimJogoEt                        03AC            LABEL
	VerificaFimJogo1                 03AE            LABEL
	ActualizaLeds                    03AF            LABEL
	ActualizaLeds1                   03B2            LABEL
	ActualizaLeds2                   03B4            LABEL
	ActualizaLedsFim                 03B8            LABEL
	ActualizaVelocidade              03BB            LABEL
	EscrevePontuacaoMaxima           03C6            LABEL
	EscrevePontuacaoMaxima1          03DD            LABEL
	EscreveDisplayPontuacao          03E0            LABEL
	LimpaContadores                  0408            LABEL
	EscreveMensagem                  0411            LABEL
	EscreveMensagem2                 041B            LABEL
	EscreveMensagem1                 0426            LABEL
	EscreveMensagem3                 0430            LABEL
	EscreveMensagem4                 043B            LABEL
	EscreveMensagem5                 0445            LABEL
	EscreveMensagemFim               0450            LABEL
	Set_Timer                        0451            LABEL
	inicio                           045C            LABEL
	inicializacoes                   0468            LABEL
	ciclo                            0472            LABEL
	NovoJogo                         048A            LABEL
	NovoJogo1                        048E            LABEL
